GROUP,PACKAGE,CLASS,INSTRUCTION_MISSED,INSTRUCTION_COVERED,BRANCH_MISSED,BRANCH_COVERED,LINE_MISSED,LINE_COVERED,COMPLEXITY_MISSED,COMPLEXITY_COVERED,METHOD_MISSED,METHOD_COVERED
email-finder,edu.depaul.email,StorageService,21,43,1,1,4,13,1,3,0,3
email-finder,edu.depaul.email,PageFetcher,63,36,0,2,10,10,1,6,1,5
email-finder,edu.depaul.email,PageParser,0,53,0,4,0,13,0,5,0,3
email-finder,edu.depaul.email,ListWriter,0,36,0,2,0,9,0,3,0,2
email-finder,edu.depaul.email,StorageService.StorageType,0,34,0,0,0,1,0,1,0,1
email-finder,edu.depaul.email,EmailFinder,8,58,0,4,3,19,1,5,1,3
email-finder,edu.depaul.email,PageCrawler,36,169,3,15,10,43,7,9,4,3
email-finder,edu.depaul.email,EmailFinderException,5,0,0,0,2,0,1,0,1,0
